[17:05:21] [ServerMain/INFO]: [bootstrap] Running Java 25 (OpenJDK 64-Bit Server VM 25.0.3+9-LTS; Eclipse Adoptium Temurin-25.0.3+9) on Linux 6.18.33.1-microsoft-standard-WSL2 (amd64)
[17:05:21] [ServerMain/INFO]: [bootstrap] Loading Paper 26.1.2-72-ver/26.1.2@1a6b910 (2026-06-19T13:08:47Z) for Minecraft 26.1.2
[17:05:22] [ServerMain/INFO]: [PluginInitializerManager] Initializing plugins...
[17:05:22] [ServerMain/INFO]: [PluginInitializerManager] Initialized 0 plugins
[17:05:34] [ServerMain/INFO]: Environment: Environment[sessionHost=https://sessionserver.mojang.com, servicesHost=https://api.minecraftservices.com, profilesHost=https://api.mojang.com, name=PROD]
[17:05:35] [ServerMain/INFO]: Found new data pack file/bukkit, loading it automatically
[17:05:35] [ServerMain/INFO]: Found new data pack paper, loading it automatically
[17:05:38] [Worker-Main-1/INFO]: No existing world data, creating new world
[17:05:38] [Worker-Main-1/WARN]: Failed to parse level-type default, defaulting to minecraft:normal
[17:05:43] [ServerMain/INFO]: Loaded 1515 recipes
[17:05:43] [ServerMain/INFO]: Loaded 1617 advancements
[17:05:43] [ServerMain/INFO]: [ca.spottedleaf.dataconverter.minecraft.datatypes.MCTypeRegistry] Initialising converters for DataConverter...
[17:05:44] [ServerMain/INFO]: [ca.spottedleaf.dataconverter.minecraft.datatypes.MCTypeRegistry] Finished initialising converters for DataConverter in 894.4ms
[17:05:44] [Server thread/INFO]: Starting minecraft server version 26.1.2
[17:05:44] [Server thread/INFO]: Loading properties
[17:05:44] [Server thread/INFO]: This server is running Paper version 26.1.2-72-ver/26.1.2@1a6b910 (2026-06-19T13:08:47Z) (Implementing API version 26.1.2.build.72-stable)
[17:05:44] [Server thread/INFO]: [spark] This server bundles the spark profiler. For more information please visit https://docs.papermc.io/paper/profiling
[17:05:45] [Server thread/INFO]: Server Ping Player Sample Count: 12
[17:05:45] [Server thread/INFO]: Using 4 threads for Netty based IO
[17:05:45] [Server thread/INFO]: [MoonriseCommon] Paper is using 1 worker threads, 1 I/O threads
[17:05:46] [Server thread/INFO]: Default game type: SURVIVAL
[17:05:46] [Server thread/INFO]: Generating keypair
[17:05:46] [Server thread/INFO]: Starting Minecraft server on *:25565
[17:05:46] [Server thread/INFO]: Paper: Using libdeflate (Linux x86_64) compression from Velocity.
[17:05:46] [Server thread/INFO]: Paper: Using OpenSSL 3.x.x (Linux x86_64) cipher from Velocity.
[17:05:46] [Server thread/WARN]: **** SERVER IS RUNNING IN OFFLINE/INSECURE MODE!
[17:05:46] [Server thread/WARN]: The server will make no attempt to authenticate usernames. Beware.
[17:05:46] [Server thread/WARN]: While this makes the game possible to play without internet access, it also opens up the ability for hackers to connect with any username they choose.
[17:05:46] [Server thread/WARN]: To change this, set "online-mode" to "true" in the server.properties file.
[17:05:46] [Server thread/INFO]: Preparing level "world"
[17:05:48] [Server thread/INFO]: Selecting spawn point for level 'minecraft:overworld'...
[17:05:59] [Server thread/INFO]: Selecting spawn point for level 'minecraft:the_nether'...
[17:06:01] [Server thread/INFO]: Selecting spawn point for level 'minecraft:the_end'...
[17:06:02] [Server thread/INFO]: Loading 0 persistent chunks for level 'minecraft:overworld'...
[17:06:02] [Server thread/INFO]: Preparing spawn area: 100%
[17:06:02] [Server thread/INFO]: Prepared spawn area in 14485 ms
[17:06:02] [Server thread/INFO]: Loading 0 persistent chunks for level 'minecraft:the_nether'...
[17:06:02] [Server thread/INFO]: Preparing spawn area: 100%
[17:06:02] [Server thread/INFO]: Prepared spawn area in 2988 ms
[17:06:02] [Server thread/INFO]: Loading 0 persistent chunks for level 'minecraft:the_end'...
[17:06:02] [Server thread/INFO]: Preparing spawn area: 100%
[17:06:02] [Server thread/INFO]: Prepared spawn area in 624 ms
[17:06:02] [Server thread/INFO]: Done preparing level "world" (15.591s)
[17:06:02] [Server thread/INFO]: [spark] Starting background profiler...
[17:06:03] [Server thread/INFO]: Starting remote control listener
[17:06:03] [Server thread/INFO]: Thread RCON Listener started
[17:06:03] [Server thread/INFO]: RCON running on 0.0.0.0:25575
[17:06:03] [Server thread/INFO]: Saving chunks for level 'ServerLevel[world]'/minecraft:overworld
[17:06:03] [Server thread/INFO]: Saving chunks for level 'ServerLevel[world]'/minecraft:the_nether
[17:06:03] [Server thread/INFO]: Saving chunks for level 'ServerLevel[world]'/minecraft:the_end
[17:06:03] [Server thread/INFO]: ThreadedAnvilChunkStorage (world): All chunks are saved
[17:06:03] [Server thread/INFO]: ThreadedAnvilChunkStorage (DIM-1): All chunks are saved
[17:06:03] [Server thread/INFO]: ThreadedAnvilChunkStorage (DIM1): All chunks are saved
[17:06:03] [Server thread/INFO]: ThreadedAnvilChunkStorage: All dimensions are saved
[17:06:03] [Server thread/INFO]: Running delayed init tasks
[17:06:03] [Server thread/INFO]: Done (45.304s)! For help, type "help"
[17:08:09] [User Authenticator #0/INFO]: UUID of player Maezt is 6ba1432e-56ca-39f4-bc98-5fb591f40f03
[17:08:22] [Server thread/INFO]: Maezt joined the game
[17:08:22] [Server thread/INFO]: Maezt[/172.17.0.1:56322] logged in with entity id 32 at ([minecraft:overworld]407.5, 76.0, 119.5)
